debug:  true
====== TEST START =====
***start to test with original workspace***
clear launcher data
Test onCreate and icon showing time after swipe launcher

com.asus.launcher.TestAfterSwipeLauncherData:.
Test results for InstrumentationTestRunner=.
Time: 22.961

OK (1 test)


Test onCreate when LauncherApplication start
Test packages update time
Test onResume

com.asus.launcher.original.TestOnFirstTimeCreate:.
com.asus.launcher.original.TestPackageUpdate:
Failure in testBindAppsUpdated:
junit.framework.AssertionFailedError: package update takes: 49ms
	at com.asus.launcher.TestMain.assertTimeLessThanValid(TestMain.java:67)
	at com.asus.launcher.original.TestPackageUpdate.testBindAppsUpdated(TestPackageUpdate.java:25)
	at android.test.InstrumentationTestCase.runMethod(InstrumentationTestCase.java:214)
	at android.test.InstrumentationTestCase.runTest(InstrumentationTestCase.java:199)
	at android.test.ActivityInstrumentationTestCase2.runTest(ActivityInstrumentationTestCase2.java:192)
	at android.test.AndroidTestRunner.runTest(AndroidTestRunner.java:191)
	at android.test.AndroidTestRunner.runTest(AndroidTestRunner.java:176)
	at android.test.InstrumentationTestRunner.onStart(InstrumentationTestRunner.java:555)
	at android.app.Instrumentation$InstrumentationThread.run(Instrumentation.java:1837)

com.asus.launcher.original.TestResume:...
Test results for InstrumentationTestRunner=..F...
Time: 99.308

FAILURES!!!
Tests run: 5,  Failures: 1,  Errors: 0


Test workspace icon showing time

com.asus.launcher.original.workspace.TestFirstOnCreateIconShowingTime:.
com.asus.launcher.original.workspace.TestIconShowingTime:.
Test results for InstrumentationTestRunner=..
Time: 33.848

OK (2 tests)


Test rotation

com.asus.launcher.original.configurechange.TestScreenRotation:
Failure in testOnCreate:
junit.framework.AssertionFailedError: testOnCreate OnWindowFocus takes -1ms, Failed
	at com.asus.launcher.TestMain.assertTimeLessThanValid(TestMain.java:67)
	at com.asus.launcher.original.configurechange.TestScreenRotation.testOnCreate(TestScreenRotation.java:49)
	at android.test.InstrumentationTestCase.runMethod(InstrumentationTestCase.java:214)
	at android.test.InstrumentationTestCase.runTest(InstrumentationTestCase.java:199)
	at android.test.ActivityInstrumentationTestCase2.runTest(ActivityInstrumentationTestCase2.java:192)
	at android.test.AndroidTestRunner.runTest(AndroidTestRunner.java:191)
	at android.test.AndroidTestRunner.runTest(AndroidTestRunner.java:176)
	at android.test.InstrumentationTestRunner.onStart(InstrumentationTestRunner.java:555)
	at android.app.Instrumentation$InstrumentationThread.run(Instrumentation.java:1837)

Test results for InstrumentationTestRunner=.F
Time: 18.324

FAILURES!!!
Tests run: 1,  Failures: 1,  Errors: 0


***start to test with folders***
add folders on workspace
Test onCreate when LauncherApplication start
Test packages update time
Test onResume

com.asus.launcher.withfolders.TestOnFirstTimeCreate:.
com.asus.launcher.withfolders.TestPackageUpdate:
Failure in testBindAppsUpdated:
junit.framework.AssertionFailedError: package update takes: -1ms
	at com.asus.launcher.TestMain.assertTimeLessThanValid(TestMain.java:67)
	at com.asus.launcher.withfolders.TestPackageUpdate.testBindAppsUpdated(TestPackageUpdate.java:25)
	at android.test.InstrumentationTestCase.runMethod(InstrumentationTestCase.java:214)
	at android.test.InstrumentationTestCase.runTest(InstrumentationTestCase.java:199)
	at android.test.ActivityInstrumentationTestCase2.runTest(ActivityInstrumentationTestCase2.java:192)
	at android.test.AndroidTestRunner.runTest(AndroidTestRunner.java:191)
	at android.test.AndroidTestRunner.runTest(AndroidTestRunner.java:176)
	at android.test.InstrumentationTestRunner.onStart(InstrumentationTestRunner.java:555)
	at android.app.Instrumentation$InstrumentationThread.run(Instrumentation.java:1837)

com.asus.launcher.withfolders.TestResume:...
Test results for InstrumentationTestRunner=..F...
Time: 109.19

FAILURES!!!
Tests run: 5,  Failures: 1,  Errors: 0


Test workspace icon showing time

com.asus.launcher.withfolders.workspace.TestFirstOnCreateIconShowingTime:.
com.asus.launcher.withfolders.workspace.TestIconShowingTime:.
Test results for InstrumentationTestRunner=..
Time: 37.124

OK (2 tests)


Test rotation

com.asus.launcher.withfolders.configurechange.TestScreenRotation:
Failure in testOnCreate:
junit.framework.AssertionFailedError: testOnCreate OnWindowFocus takes -1ms, Failed
	at com.asus.launcher.TestMain.assertTimeLessThanValid(TestMain.java:67)
	at com.asus.launcher.withfolders.configurechange.TestScreenRotation.testOnCreate(TestScreenRotation.java:49)
	at android.test.InstrumentationTestCase.runMethod(InstrumentationTestCase.java:214)
	at android.test.InstrumentationTestCase.runTest(InstrumentationTestCase.java:199)
	at android.test.ActivityInstrumentationTestCase2.runTest(ActivityInstrumentationTestCase2.java:192)
	at android.test.AndroidTestRunner.runTest(AndroidTestRunner.java:191)
	at android.test.AndroidTestRunner.runTest(AndroidTestRunner.java:176)
	at android.test.InstrumentationTestRunner.onStart(InstrumentationTestRunner.java:555)
	at android.app.Instrumentation$InstrumentationThread.run(Instrumentation.java:1837)

Test results for InstrumentationTestRunner=.F
Time: 18.587

FAILURES!!!
Tests run: 1,  Failures: 1,  Errors: 0


====== TEST FINISH =====
